Build started 6/13/2015 3:21:09 AM.
     1>Project "C:\Users\ENVY\Desktop\ConsoleApplication1\ConsoleApplication1\ConsoleApplication1.vcxproj" on node 2 (Build target(s)).
     1>ClCompile:
         C:\Program Files (x86)\Microsoft Visual Studio 12.0\VC\bin\CL.exe /c /ZI /nologo /W3 /WX- /sdl /Od /Oy- /D WIN32 /D _DEBUG /D _CONSOLE /D _LIB /D _CRT_SECURE_NO_WARNINGS /D _MBCS /Gm /EHsc /RTC1 /MDd /GS /fp:precise /Zc:wchar_t /Zc:forScope /Fo"Debug\\" /Fd"Debug\vc120.pdb" /Gd /TP /analyze- /errorReport:prompt iMain.cpp
         iMain.cpp
     1>c:\users\envy\desktop\consoleapplication1\consoleapplication1\imain.cpp(8): warning C4005: '_CRT_SECURE_NO_WARNINGS' : macro redefinition
                 command-line arguments :  see previous definition of '_CRT_SECURE_NO_WARNINGS'
     1>c:\users\envy\desktop\consoleapplication1\consoleapplication1\imain.cpp(423): warning C4101: 'b_c' : unreferenced local variable
     1>c:\users\envy\desktop\consoleapplication1\consoleapplication1\imain.cpp(423): warning C4101: 'b_r' : unreferenced local variable
     1>c:\users\envy\desktop\consoleapplication1\consoleapplication1\imain.cpp(29): warning C4715: 'change_si_x' : not all control paths return a value
     1>c:\users\envy\desktop\consoleapplication1\consoleapplication1\imain.cpp(45): warning C4715: 'change_gf_x' : not all control paths return a value
     1>c:\users\envy\desktop\consoleapplication1\consoleapplication1\imain.cpp(38): warning C4715: 'change_si_y' : not all control paths return a value
     1>c:\users\envy\desktop\consoleapplication1\consoleapplication1\imain.cpp(52): warning C4715: 'change_gf_y' : not all control paths return a value
     1>c:\users\envy\desktop\consoleapplication1\consoleapplication1\imain.cpp(58): warning C4715: 'change_li_x' : not all control paths return a value
     1>c:\users\envy\desktop\consoleapplication1\consoleapplication1\imain.cpp(64): warning C4715: 'change_li_y' : not all control paths return a value
     1>c:\users\envy\desktop\consoleapplication1\consoleapplication1\imain.cpp(274): warning C4715: 'pac_change' : not all control paths return a value
     1>c:\users\envy\desktop\consoleapplication1\consoleapplication1\imain.cpp(303): warning C4715: 'flag_change' : not all control paths return a value
     1>c:\users\envy\desktop\consoleapplication1\consoleapplication1\imain.cpp(322): warning C4715: 'flag_check' : not all control paths return a value
     1>c:\users\envy\desktop\consoleapplication1\consoleapplication1\imain.cpp(361): warning C4715: 'check_move' : not all control paths return a value
       Link:
         C:\Program Files (x86)\Microsoft Visual Studio 12.0\VC\bin\link.exe /ERRORREPORT:PROMPT /OUT:"C:\Users\ENVY\Desktop\ConsoleApplication1\Debug\ConsoleApplication1.exe" /INCREMENTAL /NOLOGO kernel32.lib user32.lib gdi32.lib winspool.lib comdlg32.lib advapi32.lib shell32.lib ole32.lib oleaut32.lib uuid.lib odbc32.lib odbccp32.lib /MANIFEST /MANIFESTUAC:"level='asInvoker' uiAccess='false'" /manifest:embed /DEBUG /PDB:"C:\Users\ENVY\Desktop\ConsoleApplication1\Debug\ConsoleApplication1.pdb" /SUBSYSTEM:CONSOLE /TLBID:1 /DYNAMICBASE /NXCOMPAT /IMPLIB:"C:\Users\ENVY\Desktop\ConsoleApplication1\Debug\ConsoleApplication1.lib" /MACHINE:X86 Debug\iMain.obj
         ConsoleApplication1.vcxproj -> C:\Users\ENVY\Desktop\ConsoleApplication1\Debug\ConsoleApplication1.exe
     1>Done Building Project "C:\Users\ENVY\Desktop\ConsoleApplication1\ConsoleApplication1\ConsoleApplication1.vcxproj" (Build target(s)).

Build succeeded.

Time Elapsed 00:00:07.57
